# JRE version: OpenJDK Runtime Environment Corretto-17.0.11.9.1 (17.0.11+9) (build 17.0.11+9-LTS)
# Java VM: OpenJDK 64-Bit Server VM Corretto-17.0.11.9.1 (17.0.11+9-LTS, mixed mode, emulated-client, sharing, tiered, compressed oops, compressed class ptrs, g1 gc, windows-amd64)
GC Precious Log:
 CPUs: 4 total, 4 available
 Memory: 3984M
 Large Page Support: Disabled
 NUMA Support: Disabled
 Compressed Oops: Enabled (32-bit)
 Heap Region Size: 1M
 Heap Min Capacity: 8M
 Heap Initial Capacity: 64M
 Heap Max Capacity: 998M
 Pre-touch: Disabled
 Parallel Workers: 4
 Concurrent Workers: 1
 Concurrent Refinement Workers: 4
 Periodic GC: Disabled
Heap:
 garbage-first heap   total 66560K, used 24926K [0x00000000c1a00000, 0x0000000100000000)
  region size 1024K, 8 young (8192K), 2 survivors (2048K)
 Metaspace       used 33635K, committed 34048K, reserved 1114112K
  class space    used 4804K, committed 4992K, reserved 1048576K
GC Heap History (18 events):
Event: 1.974 GC heap before
{Heap before GC invocations=0 (full 0):
 garbage-first heap   total 65536K, used 13312K [0x00000000c1a00000, 0x0000000100000000)
  region size 1024K, 13 young (13312K), 0 survivors (0K)
 Metaspace       used 4949K, committed 5184K, reserved 1114112K
  class space    used 586K, committed 704K, reserved 1048576K
}
Event: 1.985 GC heap after
{Heap after GC invocations=1 (full 0):
 garbage-first heap   total 65536K, used 6869K [0x00000000c1a00000, 0x0000000100000000)
  region size 1024K, 2 young (2048K), 2 survivors (2048K)
 Metaspace       used 4949K, committed 5184K, reserved 1114112K
  class space    used 586K, committed 704K, reserved 1048576K
}
Event: 2.470 GC heap before
{Heap before GC invocations=1 (full 0):
 garbage-first heap   total 65536K, used 15061K [0x00000000c1a00000, 0x0000000100000000)
  region size 1024K, 10 young (10240K), 2 survivors (2048K)
 Metaspace       used 7123K, committed 7360K, reserved 1114112K
  class space    used 894K, committed 1024K, reserved 1048576K
}
Event: 2.477 GC heap after
{Heap after GC invocations=2 (full 0):
 garbage-first heap   total 65536K, used 7658K [0x00000000c1a00000, 0x0000000100000000)
  region size 1024K, 1 young (1024K), 1 survivors (1024K)
 Metaspace       used 7123K, committed 7360K, reserved 1114112K
  class space    used 894K, committed 1024K, reserved 1048576K
}
Event: 3.395 GC heap before
{Heap before GC invocations=2 (full 0):
 garbage-first heap   total 65536K, used 28138K [0x00000000c1a00000, 0x0000000100000000)
  region size 1024K, 21 young (21504K), 1 survivors (1024K)
 Metaspace       used 11627K, committed 11776K, reserved 1114112K
  class space    used 1577K, committed 1664K, reserved 1048576K
}
Event: 3.400 GC heap after
{Heap after GC invocations=3 (full 0):
 garbage-first heap   total 65536K, used 9050K [0x00000000c1a00000, 0x0000000100000000)
  region size 1024K, 2 young (2048K), 2 survivors (2048K)
 Metaspace       used 11627K, committed 11776K, reserved 1114112K
  class space    used 1577K, committed 1664K, reserved 1048576K
}
Event: 4.295 GC heap before
{Heap before GC invocations=3 (full 0):
 garbage-first heap   total 65536K, used 39770K [0x00000000c1a00000, 0x0000000100000000)
  region size 1024K, 33 young (33792K), 2 survivors (2048K)
 Metaspace       used 17520K, committed 17792K, reserved 1114112K
  class space    used 2386K, committed 2496K, reserved 1048576K
}
Event: 4.306 GC heap after
{Heap after GC invocations=4 (full 0):
 garbage-first heap   total 65536K, used 11747K [0x00000000c1a00000, 0x0000000100000000)
  region size 1024K, 5 young (5120K), 5 survivors (5120K)
 Metaspace       used 17520K, committed 17792K, reserved 1114112K
  class space    used 2386K, committed 2496K, reserved 1048576K
}
Event: 5.677 GC heap before
{Heap before GC invocations=4 (full 0):
 garbage-first heap   total 65536K, used 41443K [0x00000000c1a00000, 0x0000000100000000)
  region size 1024K, 35 young (35840K), 5 survivors (5120K)
 Metaspace       used 21098K, committed 21376K, reserved 1114112K
  class space    used 2911K, committed 3008K, reserved 1048576K
}
Event: 5.691 GC heap after
{Heap after GC invocations=5 (full 0):
 garbage-first heap   total 65536K, used 13816K [0x00000000c1a00000, 0x0000000100000000)
  region size 1024K, 3 young (3072K), 3 survivors (3072K)
 Metaspace       used 21098K, committed 21376K, reserved 1114112K
  class space    used 2911K, committed 3008K, reserved 1048576K
}
Event: 5.750 GC heap before
{Heap before GC invocations=5 (full 0):
 garbage-first heap   total 65536K, used 13816K [0x00000000c1a00000, 0x0000000100000000)
  region size 1024K, 5 young (5120K), 3 survivors (3072K)
 Metaspace       used 21306K, committed 21504K, reserved 1114112K
  class space    used 2940K, committed 3008K, reserved 1048576K
}
Event: 5.757 GC heap after
{Heap after GC invocations=6 (full 0):
 garbage-first heap   total 65536K, used 13802K [0x00000000c1a00000, 0x0000000100000000)
  region size 1024K, 3 young (3072K), 3 survivors (3072K)
 Metaspace       used 21306K, committed 21504K, reserved 1114112K
  class space    used 2940K, committed 3008K, reserved 1048576K
}
Event: 7.471 GC heap before
{Heap before GC invocations=7 (full 0):
 garbage-first heap   total 55296K, used 42474K [0x00000000c1a00000, 0x0000000100000000)
  region size 1024K, 32 young (32768K), 3 survivors (3072K)
 Metaspace       used 25016K, committed 25408K, reserved 1114112K
  class space    used 3513K, committed 3712K, reserved 1048576K
}
Event: 7.488 GC heap after
{Heap after GC invocations=8 (full 0):
 garbage-first heap   total 55296K, used 15692K [0x00000000c1a00000, 0x0000000100000000)
  region size 1024K, 4 young (4096K), 4 survivors (4096K)
 Metaspace       used 25016K, committed 25408K, reserved 1114112K
  class space    used 3513K, committed 3712K, reserved 1048576K
}
Event: 9.098 GC heap before
{Heap before GC invocations=8 (full 0):
 garbage-first heap   total 55296K, used 39244K [0x00000000c1a00000, 0x0000000100000000)
  region size 1024K, 27 young (27648K), 4 survivors (4096K)
 Metaspace       used 28994K, committed 29376K, reserved 1114112K
  class space    used 4082K, committed 4288K, reserved 1048576K
}
Event: 9.122 GC heap after
{Heap after GC invocations=9 (full 0):
 garbage-first heap   total 55296K, used 18397K [0x00000000c1a00000, 0x0000000100000000)
  region size 1024K, 3 young (3072K), 3 survivors (3072K)
 Metaspace       used 28994K, committed 29376K, reserved 1114112K
  class space    used 4082K, committed 4288K, reserved 1048576K
}
Event: 10.101 GC heap before
{Heap before GC invocations=9 (full 0):
 garbage-first heap   total 55296K, used 38877K [0x00000000c1a00000, 0x0000000100000000)
  region size 1024K, 24 young (24576K), 3 survivors (3072K)
 Metaspace       used 32248K, committed 32704K, reserved 1114112K
  class space    used 4555K, committed 4736K, reserved 1048576K
}
Event: 10.118 GC heap after
{Heap after GC invocations=10 (full 0):
 garbage-first heap   total 66560K, used 19806K [0x00000000c1a00000, 0x0000000100000000)
  region size 1024K, 2 young (2048K), 2 survivors (2048K)
 Metaspace       used 32248K, committed 32704K, reserved 1114112K
  class space    used 4555K, committed 4736K, reserved 1048576K
}

